# JRE version: Java(TM) SE Runtime Environment (7.0_67-b01) (build 1.7.0_67-b01)
# Java VM: Java HotSpot(TM) Client VM (24.65-b04 mixed mode, sharing windows-x86 )
Heap
 def new generation   total 72768K, used 64704K [0x24800000, 0x296f0000, 0x29d50000)
  eden space 64704K, 100% used [0x24800000, 0x28730000, 0x28730000)
  from space 8064K,   0% used [0x28730000, 0x28730000, 0x28f10000)
  to   space 8064K,   0% used [0x28f10000, 0x28f10000, 0x296f0000)
 tenured generation   total 161556K, used 96933K [0x29d50000, 0x33b15000, 0x34800000)
   the space 161556K,  59% used [0x29d50000, 0x2fbf94b0, 0x2fbf9600, 0x33b15000)
 compacting perm gen  total 12288K, used 1492K [0x34800000, 0x35400000, 0x38800000)
   the space 12288K,  12% used [0x34800000, 0x34975188, 0x34975200, 0x35400000)
    ro space 10240K,  44% used [0x38800000, 0x38c7a688, 0x38c7a800, 0x39200000)
    rw space 12288K,  52% used [0x39200000, 0x39854170, 0x39854200, 0x39e00000)
GC Heap History (10 events):
Event: 3.130 GC heap before
{Heap before GC invocations=37 (full 3):
 def new generation   total 25536K, used 25536K [0x24800000, 0x263b0000, 0x29d50000)
  eden space 22720K, 100% used [0x24800000, 0x25e30000, 0x25e30000)
  from space 2816K, 100% used [0x260f0000, 0x263b0000, 0x263b0000)
  to   space 2816K,   0% used [0x25e30000, 0x25e30000, 0x260f0000)
 tenured generation   total 56676K, used 50154K [0x29d50000, 0x2d4a9000, 0x34800000)
   the space 56676K,  88% used [0x29d50000, 0x2ce4a910, 0x2ce4aa00, 0x2d4a9000)
 compacting perm gen  total 12288K, used 1117K [0x34800000, 0x35400000, 0x38800000)
   the space 12288K,   9% used [0x34800000, 0x34917460, 0x34917600, 0x35400000)
    ro space 10240K,  44% used [0x38800000, 0x38c7a688, 0x38c7a800, 0x39200000)
    rw space 12288K,  52% used [0x39200000, 0x39854170, 0x39854200, 0x39e00000)
Event: 3.156 GC heap after
Heap after GC invocations=38 (full 4):
 def new generation   total 39872K, used 0K [0x24800000, 0x27340000, 0x29d50000)
  eden space 35456K,   0% used [0x24800000, 0x24800000, 0x26aa0000)
  from space 4416K,   0% used [0x26aa0000, 0x26aa0000, 0x26ef0000)
  to   space 4416K,   0% used [0x26ef0000, 0x26ef0000, 0x27340000)
 tenured generation   total 88556K, used 53131K [0x29d50000, 0x2f3cb000, 0x34800000)
   the space 88556K,  59% used [0x29d50000, 0x2d132fd8, 0x2d133000, 0x2f3cb000)
 compacting perm gen  total 12288K, used 1116K [0x34800000, 0x35400000, 0x38800000)
   the space 12288K,   9% used [0x34800000, 0x34917140, 0x34917200, 0x35400000)
    ro space 10240K,  44% used [0x38800000, 0x38c7a688, 0x38c7a800, 0x39200000)
    rw space 12288K,  52% used [0x39200000, 0x39854170, 0x39854200, 0x39e00000)
}
Event: 3.367 GC heap before
{Heap before GC invocations=38 (full 4):
 def new generation   total 39872K, used 35456K [0x24800000, 0x27340000, 0x29d50000)
  eden space 35456K, 100% used [0x24800000, 0x26aa0000, 0x26aa0000)
  from space 4416K,   0% used [0x26aa0000, 0x26aa0000, 0x26ef0000)
  to   space 4416K,   0% used [0x26ef0000, 0x26ef0000, 0x27340000)
 tenured generation   total 88556K, used 53131K [0x29d50000, 0x2f3cb000, 0x34800000)
   the space 88556K,  59% used [0x29d50000, 0x2d132fd8, 0x2d133000, 0x2f3cb000)
 compacting perm gen  total 12288K, used 1160K [0x34800000, 0x35400000, 0x38800000)
   the space 12288K,   9% used [0x34800000, 0x34922060, 0x34922200, 0x35400000)
    ro space 10240K,  44% used [0x38800000, 0x38c7a688, 0x38c7a800, 0x39200000)
    rw space 12288K,  52% used [0x39200000, 0x39854170, 0x39854200, 0x39e00000)
Event: 3.372 GC heap after
Heap after GC invocations=39 (full 4):
 def new generation   total 39872K, used 3705K [0x24800000, 0x27340000, 0x29d50000)
  eden space 35456K,   0% used [0x24800000, 0x24800000, 0x26aa0000)
  from space 4416K,  83% used [0x26ef0000, 0x2728e5c8, 0x27340000)
  to   space 4416K,   0% used [0x26aa0000, 0x26aa0000, 0x26ef0000)
 tenured generation   total 88556K, used 63626K [0x29d50000, 0x2f3cb000, 0x34800000)
   the space 88556K,  71% used [0x29d50000, 0x2db72828, 0x2db72a00, 0x2f3cb000)
 compacting perm gen  total 12288K, used 1160K [0x34800000, 0x35400000, 0x38800000)
   the space 12288K,   9% used [0x34800000, 0x34922060, 0x34922200, 0x35400000)
    ro space 10240K,  44% used [0x38800000, 0x38c7a688, 0x38c7a800, 0x39200000)
    rw space 12288K,  52% used [0x39200000, 0x39854170, 0x39854200, 0x39e00000)
}
Event: 3.510 GC heap before
{Heap before GC invocations=39 (full 4):
 def new generation   total 39872K, used 39161K [0x24800000, 0x27340000, 0x29d50000)
  eden space 35456K, 100% used [0x24800000, 0x26aa0000, 0x26aa0000)
  from space 4416K,  83% used [0x26ef0000, 0x2728e5c8, 0x27340000)
  to   space 4416K,   0% used [0x26aa0000, 0x26aa0000, 0x26ef0000)
 tenured generation   total 88556K, used 63626K [0x29d50000, 0x2f3cb000, 0x34800000)
   the space 88556K,  71% used [0x29d50000, 0x2db72828, 0x2db72a00, 0x2f3cb000)
 compacting perm gen  total 12288K, used 1161K [0x34800000, 0x35400000, 0x38800000)
   the space 12288K,   9% used [0x34800000, 0x349224f0, 0x34922600, 0x35400000)
    ro space 10240K,  44% used [0x38800000, 0x38c7a688, 0x38c7a800, 0x39200000)
    rw space 12288K,  52% used [0x39200000, 0x39854170, 0x39854200, 0x39e00000)
Event: 3.516 GC heap after
Heap after GC invocations=40 (full 4):
 def new generation   total 39872K, used 3849K [0x24800000, 0x27340000, 0x29d50000)
  eden space 35456K,   0% used [0x24800000, 0x24800000, 0x26aa0000)
  from space 4416K,  87% used [0x26aa0000, 0x26e62600, 0x26ef0000)
  to   space 4416K,   0% used [0x26ef0000, 0x26ef0000, 0x27340000)
 tenured generation   total 88556K, used 67228K [0x29d50000, 0x2f3cb000, 0x34800000)
   the space 88556K,  75% used [0x29d50000, 0x2def70d8, 0x2def7200, 0x2f3cb000)
 compacting perm gen  total 12288K, used 1161K [0x34800000, 0x35400000, 0x38800000)
   the space 12288K,   9% used [0x34800000, 0x349224f0, 0x34922600, 0x35400000)
    ro space 10240K,  44% used [0x38800000, 0x38c7a688, 0x38c7a800, 0x39200000)
    rw space 12288K,  52% used [0x39200000, 0x39854170, 0x39854200, 0x39e00000)
}
Event: 3.684 GC heap before
{Heap before GC invocations=40 (full 4):
 def new generation   total 39872K, used 36341K [0x24800000, 0x27340000, 0x29d50000)
  eden space 35456K,  91% used [0x24800000, 0x267bb190, 0x26aa0000)
  from space 4416K,  87% used [0x26aa0000, 0x26e62600, 0x26ef0000)
  to   space 4416K,   0% used [0x26ef0000, 0x26ef0000, 0x27340000)
 tenured generation   total 88556K, used 67228K [0x29d50000, 0x2f3cb000, 0x34800000)
   the space 88556K,  75% used [0x29d50000, 0x2def70d8, 0x2def7200, 0x2f3cb000)
 compacting perm gen  total 12288K, used 1169K [0x34800000, 0x35400000, 0x38800000)
   the space 12288K,   9% used [0x34800000, 0x34924610, 0x34924800, 0x35400000)
    ro space 10240K,  44% used [0x38800000, 0x38c7a688, 0x38c7a800, 0x39200000)
    rw space 12288K,  52% used [0x39200000, 0x39854170, 0x39854200, 0x39e00000)
Event: 3.692 GC heap after
Heap after GC invocations=41 (full 4):
 def new generation   total 39872K, used 4383K [0x24800000, 0x27340000, 0x29d50000)
  eden space 35456K,   0% used [0x24800000, 0x24800000, 0x26aa0000)
  from space 4416K,  99% used [0x26ef0000, 0x27337c40, 0x27340000)
  to   space 4416K,   0% used [0x26aa0000, 0x26aa0000, 0x26ef0000)
 tenured generation   total 88556K, used 80999K [0x29d50000, 0x2f3cb000, 0x34800000)
   the space 88556K,  91% used [0x29d50000, 0x2ec69d60, 0x2ec69e00, 0x2f3cb000)
 compacting perm gen  total 12288K, used 1169K [0x34800000, 0x35400000, 0x38800000)
   the space 12288K,   9% used [0x34800000, 0x34924610, 0x34924800, 0x35400000)
    ro space 10240K,  44% used [0x38800000, 0x38c7a688, 0x38c7a800, 0x39200000)
    rw space 12288K,  52% used [0x39200000, 0x39854170, 0x39854200, 0x39e00000)
}
Event: 3.858 GC heap before
{Heap before GC invocations=41 (full 4):
 def new generation   total 39872K, used 39839K [0x24800000, 0x27340000, 0x29d50000)
  eden space 35456K, 100% used [0x24800000, 0x26aa0000, 0x26aa0000)
  from space 4416K,  99% used [0x26ef0000, 0x27337c40, 0x27340000)
  to   space 4416K,   0% used [0x26aa0000, 0x26aa0000, 0x26ef0000)
 tenured generation   total 88556K, used 80999K [0x29d50000, 0x2f3cb000, 0x34800000)
   the space 88556K,  91% used [0x29d50000, 0x2ec69d60, 0x2ec69e00, 0x2f3cb000)
 compacting perm gen  total 12288K, used 1466K [0x34800000, 0x35400000, 0x38800000)
   the space 12288K,  11% used [0x34800000, 0x3496ebb8, 0x3496ec00, 0x35400000)
    ro space 10240K,  44% used [0x38800000, 0x38c7a688, 0x38c7a800, 0x39200000)
    rw space 12288K,  52% used [0x39200000, 0x39854170, 0x39854200, 0x39e00000)
Event: 3.897 GC heap after
Heap after GC invocations=42 (full 5):
 def new generation   total 72768K, used 0K [0x24800000, 0x296f0000, 0x29d50000)
  eden space 64704K,   0% used [0x24800000, 0x24800000, 0x28730000)
  from space 8064K,   0% used [0x28730000, 0x28730000, 0x28f10000)
  to   space 8064K,   0% used [0x28f10000, 0x28f10000, 0x296f0000)
 tenured generation   total 161556K, used 96933K [0x29d50000, 0x33b15000, 0x34800000)
   the space 161556K,  59% used [0x29d50000, 0x2fbf94b0, 0x2fbf9600, 0x33b15000)
 compacting perm gen  total 12288K, used 1466K [0x34800000, 0x35400000, 0x38800000)
   the space 12288K,  11% used [0x34800000, 0x3496ebb8, 0x3496ec00, 0x35400000)
    ro space 10240K,  44% used [0x38800000, 0x38c7a688, 0x38c7a800, 0x39200000)
    rw space 12288K,  52% used [0x39200000, 0x39854170, 0x39854200, 0x39e00000)
}

